0 info it worked if it ends with ok
1 verbose cli [ 'D:\\Developpement\\Nodejs\\\\node.exe',
1 verbose cli   'D:\\Developpement\\Nodejs\\node_modules\\npm\\bin\\npm-cli.js',
1 verbose cli   'install' ]
2 info using npm@1.3.21
3 info using node@v0.10.24
4 verbose node symlink D:\Developpement\Nodejs\\node.exe
5 error install Couldn't read dependencies
6 error package.json ENOENT, open 'C:\Users\Robin\git\Blog-Polymer\package.json'
6 error package.json This is most likely not a problem with npm itself.
6 error package.json npm can't find a package.json file in your current directory.
7 error System Windows_NT 6.1.7600
8 error command "D:\\Developpement\\Nodejs\\\\node.exe" "D:\\Developpement\\Nodejs\\node_modules\\npm\\bin\\npm-cli.js" "install"
9 error cwd C:\Users\Robin\git\Blog-Polymer
10 error node -v v0.10.24
11 error npm -v 1.3.21
12 error path C:\Users\Robin\git\Blog-Polymer\package.json
13 error code ENOPACKAGEJSON
14 error errno 34
15 verbose exit [ 34, true ]
